[debug] [2026-01-31T12:24:10.916Z] ----------------------------------------------------------------------
[debug] [2026-01-31T12:24:10.917Z] Command:       C:\Program Files\nodejs\node.exe C:\Users\Michael\AppData\Roaming\npm\node_modules\firebase-tools\lib\bin\firebase.js init functions
[debug] [2026-01-31T12:24:10.917Z] CLI Version:   15.5.1
[debug] [2026-01-31T12:24:10.917Z] Platform:      win32
[debug] [2026-01-31T12:24:10.917Z] Node Version:  v24.13.0
[debug] [2026-01-31T12:24:10.917Z] Time:          Sat Jan 31 2026 13:24:10 GMT+0100 (Mitteleuropäische Normalzeit)
[debug] [2026-01-31T12:24:10.917Z] ----------------------------------------------------------------------
[debug] 
[debug] [2026-01-31T12:24:10.918Z] >>> [apiv2][query] GET https://firebase-public.firebaseio.com/cli.json [none]
[info] 
     ######## #### ########  ######## ########     ###     ######  ########
     ##        ##  ##     ## ##       ##     ##  ##   ##  ##       ##
     ######    ##  ########  ######   ########  #########  ######  ######
     ##        ##  ##    ##  ##       ##     ## ##     ##       ## ##
     ##       #### ##     ## ######## ########  ##     ##  ######  ########

You're about to initialize a Firebase project in this directory:

  C:\AI\github\StoryTeller\StoryTeller

Before we get started, keep in mind:

  * You are currently outside your home directory

[debug] [2026-01-31T12:24:11.950Z] <<< [apiv2][status] GET https://firebase-public.firebaseio.com/cli.json 200
[debug] [2026-01-31T12:24:11.950Z] <<< [apiv2][body] GET https://firebase-public.firebaseio.com/cli.json {"cloudBuildErrorAfter":1594252800000,"cloudBuildWarnAfter":1590019200000,"defaultNode10After":1594252800000,"minVersion":"3.0.5","node8DeploysDisabledAfter":1613390400000,"node8RuntimeDisabledAfter":1615809600000,"node8WarnAfter":1600128000000}
[info] 
=== Project Setup
[info] 
[info] First, let's associate this project directory with a Firebase project.
[info] You can create multiple project aliases by running firebase use --add, 
[info] 
[info] No default project found. Continuing without a project in non interactive mode.
[info] 
=== Functions Setup
[info] Let's create a new codebase for your functions.
[info] A directory corresponding to the codebase will be created in your project
[info] with sample code pre-configured.

[info] See https://firebase.google.com/docs/functions/organize-functions for
[info] more information on organizing your functions using codebases.

[info] Functions can be deployed with firebase deploy.

[info] +  Wrote functions/package.json 
[info] +  Wrote functions/index.js 
[info] +  Wrote functions/.gitignore 
